# JRE version: OpenJDK Runtime Environment Temurin-17.0.13+11 (17.0.13+11) (build 17.0.13+11)
# Java VM: OpenJDK 64-Bit Server VM Temurin-17.0.13+11 (17.0.13+11, mixed mode, tiered, compressed oops, compressed class ptrs, parallel gc, windows-amd64)
GC Precious Log:
 CPUs: 2 total, 2 available
 Memory: 8084M
 Large Page Support: Disabled
 NUMA Support: Disabled
 Compressed Oops: Enabled (32-bit)
 Alignments: Space 512K, Generation 512K, Heap 2M
 Heap Min Capacity: 100M
 Heap Initial Capacity: 100M
 Heap Max Capacity: 1G
 Pre-touch: Disabled
 Parallel Workers: 2
Heap:
 PSYoungGen      total 3072K, used 2664K [0x00000000eab00000, 0x00000000eb080000, 0x0000000100000000)
  eden space 512K, 99% used [0x00000000eab00000,0x00000000eab7fff8,0x00000000eab80000)
  from space 2560K, 84% used [0x00000000eae00000,0x00000000eb01a178,0x00000000eb080000)
  to   space 2560K, 0% used [0x00000000eab80000,0x00000000eab80000,0x00000000eae00000)
 ParOldGen       total 178176K, used 123872K [0x00000000c0000000, 0x00000000cae00000, 0x00000000eab00000)
  object space 178176K, 69% used [0x00000000c0000000,0x00000000c78f8188,0x00000000cae00000)
 Metaspace       used 113228K, committed 114688K, reserved 1179648K
  class space    used 11212K, committed 11840K, reserved 1048576K
GC Heap History (20 events):
Event: 27373.243 GC heap before
{Heap before GC invocations=6081 (full 135):
 PSYoungGen      total 2048K, used 2036K [0x00000000eab00000, 0x00000000eb180000, 0x0000000100000000)
  eden space 1536K, 99% used [0x00000000eab00000,0x00000000eac7ffe0,0x00000000eac80000)
  from space 512K, 97% used [0x00000000eb100000,0x00000000eb17d220,0x00000000eb180000)
  to   space 1024K, 0% used [0x00000000eaf80000,0x00000000eaf80000,0x00000000eb080000)
 ParOldGen       total 178176K, used 121355K [0x00000000c0000000, 0x00000000cae00000, 0x00000000eab00000)
  object space 178176K, 68% used [0x00000000c0000000,0x00000000c7682df0,0x00000000cae00000)
 Metaspace       used 113228K, committed 114688K, reserved 1179648K
  class space    used 11212K, committed 11840K, reserved 1048576K
}
Event: 27373.304 GC heap after
{Heap after GC invocations=6081 (full 135):
 PSYoungGen      total 2560K, used 756K [0x00000000eab00000, 0x00000000eb180000, 0x0000000100000000)
  eden space 1536K, 0% used [0x00000000eab00000,0x00000000eab00000,0x00000000eac80000)
  from space 1024K, 73% used [0x00000000eaf80000,0x00000000eb03d220,0x00000000eb080000)
  to   space 1024K, 0% used [0x00000000eb080000,0x00000000eb080000,0x00000000eb180000)
 ParOldGen       total 178176K, used 121355K [0x00000000c0000000, 0x00000000cae00000, 0x00000000eab00000)
  object space 178176K, 68% used [0x00000000c0000000,0x00000000c7682df0,0x00000000cae00000)
 Metaspace       used 113228K, committed 114688K, reserved 1179648K
  class space    used 11212K, committed 11840K, reserved 1048576K
}
Event: 27373.359 GC heap before
{Heap before GC invocations=6082 (full 135):
 PSYoungGen      total 2560K, used 2292K [0x00000000eab00000, 0x00000000eb180000, 0x0000000100000000)
  eden space 1536K, 100% used [0x00000000eab00000,0x00000000eac80000,0x00000000eac80000)
  from space 1024K, 73% used [0x00000000eaf80000,0x00000000eb03d220,0x00000000eb080000)
  to   space 1024K, 0% used [0x00000000eb080000,0x00000000eb080000,0x00000000eb180000)
 ParOldGen       total 178176K, used 121355K [0x00000000c0000000, 0x00000000cae00000, 0x00000000eab00000)
  object space 178176K, 68% used [0x00000000c0000000,0x00000000c7682df0,0x00000000cae00000)
 Metaspace       used 113228K, committed 114688K, reserved 1179648K
  class space    used 11212K, committed 11840K, reserved 1048576K
}
Event: 27373.424 GC heap after
{Heap after GC invocations=6082 (full 135):
 PSYoungGen      total 2560K, used 788K [0x00000000eab00000, 0x00000000eb180000, 0x0000000100000000)
  eden space 1536K, 0% used [0x00000000eab00000,0x00000000eab00000,0x00000000eac80000)
  from space 1024K, 77% used [0x00000000eb080000,0x00000000eb145220,0x00000000eb180000)
  to   space 1024K, 0% used [0x00000000eaf80000,0x00000000eaf80000,0x00000000eb080000)
 ParOldGen       total 178176K, used 121355K [0x00000000c0000000, 0x00000000cae00000, 0x00000000eab00000)
  object space 178176K, 68% used [0x00000000c0000000,0x00000000c7682df0,0x00000000cae00000)
 Metaspace       used 113228K, committed 114688K, reserved 1179648K
  class space    used 11212K, committed 11840K, reserved 1048576K
}
Event: 27373.929 GC heap before
{Heap before GC invocations=6083 (full 135):
 PSYoungGen      total 2560K, used 2324K [0x00000000eab00000, 0x00000000eb180000, 0x0000000100000000)
  eden space 1536K, 100% used [0x00000000eab00000,0x00000000eac80000,0x00000000eac80000)
  from space 1024K, 77% used [0x00000000eb080000,0x00000000eb145220,0x00000000eb180000)
  to   space 1024K, 0% used [0x00000000eaf80000,0x00000000eaf80000,0x00000000eb080000)
 ParOldGen       total 178176K, used 121355K [0x00000000c0000000, 0x00000000cae00000, 0x00000000eab00000)
  object space 178176K, 68% used [0x00000000c0000000,0x00000000c7682df0,0x00000000cae00000)
 Metaspace       used 113228K, committed 114688K, reserved 1179648K
  class space    used 11212K, committed 11840K, reserved 1048576K
}
Event: 27374.048 GC heap after
{Heap after GC invocations=6083 (full 135):
 PSYoungGen      total 2560K, used 788K [0x00000000eab00000, 0x00000000eb100000, 0x0000000100000000)
  eden space 1536K, 0% used [0x00000000eab00000,0x00000000eab00000,0x00000000eac80000)
  from space 1024K, 77% used [0x00000000eaf80000,0x00000000eb045220,0x00000000eb080000)
  to   space 512K, 0% used [0x00000000eb080000,0x00000000eb080000,0x00000000eb100000)
 ParOldGen       total 178176K, used 121355K [0x00000000c0000000, 0x00000000cae00000, 0x00000000eab00000)
  object space 178176K, 68% used [0x00000000c0000000,0x00000000c7682df0,0x00000000cae00000)
 Metaspace       used 113228K, committed 114688K, reserved 1179648K
  class space    used 11212K, committed 11840K, reserved 1048576K
}
Event: 27377.394 GC heap before
{Heap before GC invocations=6084 (full 135):
 PSYoungGen      total 2560K, used 2318K [0x00000000eab00000, 0x00000000eb100000, 0x0000000100000000)
  eden space 1536K, 99% used [0x00000000eab00000,0x00000000eac7e910,0x00000000eac80000)
  from space 1024K, 77% used [0x00000000eaf80000,0x00000000eb045220,0x00000000eb080000)
  to   space 512K, 0% used [0x00000000eb080000,0x00000000eb080000,0x00000000eb100000)
 ParOldGen       total 178176K, used 121355K [0x00000000c0000000, 0x00000000cae00000, 0x00000000eab00000)
  object space 178176K, 68% used [0x00000000c0000000,0x00000000c7682df0,0x00000000cae00000)
 Metaspace       used 113228K, committed 114688K, reserved 1179648K
  class space    used 11212K, committed 11840K, reserved 1048576K
}
Event: 27377.511 GC heap after
{Heap after GC invocations=6084 (full 135):
 PSYoungGen      total 2048K, used 500K [0x00000000eab00000, 0x00000000eb100000, 0x0000000100000000)
  eden space 1536K, 0% used [0x00000000eab00000,0x00000000eab00000,0x00000000eac80000)
  from space 512K, 97% used [0x00000000eb080000,0x00000000eb0fd200,0x00000000eb100000)
  to   space 1536K, 0% used [0x00000000eae00000,0x00000000eae00000,0x00000000eaf80000)
 ParOldGen       total 178176K, used 121923K [0x00000000c0000000, 0x00000000cae00000, 0x00000000eab00000)
  object space 178176K, 68% used [0x00000000c0000000,0x00000000c7710f88,0x00000000cae00000)
 Metaspace       used 113228K, committed 114688K, reserved 1179648K
  class space    used 11212K, committed 11840K, reserved 1048576K
}
Event: 27377.558 GC heap before
{Heap before GC invocations=6085 (full 135):
 PSYoungGen      total 2048K, used 2036K [0x00000000eab00000, 0x00000000eb100000, 0x0000000100000000)
  eden space 1536K, 100% used [0x00000000eab00000,0x00000000eac80000,0x00000000eac80000)
  from space 512K, 97% used [0x00000000eb080000,0x00000000eb0fd200,0x00000000eb100000)
  to   space 1536K, 0% used [0x00000000eae00000,0x00000000eae00000,0x00000000eaf80000)
 ParOldGen       total 178176K, used 121923K [0x00000000c0000000, 0x00000000cae00000, 0x00000000eab00000)
  object space 178176K, 68% used [0x00000000c0000000,0x00000000c7710f88,0x00000000cae00000)
 Metaspace       used 113228K, committed 114688K, reserved 1179648K
  class space    used 11212K, committed 11840K, reserved 1048576K
}
Event: 27377.600 GC heap after
{Heap after GC invocations=6085 (full 135):
 PSYoungGen      total 3584K, used 1506K [0x00000000eab00000, 0x00000000eb200000, 0x0000000100000000)
  eden space 2048K, 0% used [0x00000000eab00000,0x00000000eab00000,0x00000000ead00000)
  from space 1536K, 98% used [0x00000000eae00000,0x00000000eaf78a78,0x00000000eaf80000)
  to   space 2560K, 0% used [0x00000000eaf80000,0x00000000eaf80000,0x00000000eb200000)
 ParOldGen       total 178176K, used 122347K [0x00000000c0000000, 0x00000000cae00000, 0x00000000eab00000)
  object space 178176K, 68% used [0x00000000c0000000,0x00000000c777af88,0x00000000cae00000)
 Metaspace       used 113228K, committed 114688K, reserved 1179648K
  class space    used 11212K, committed 11840K, reserved 1048576K
}
Event: 27377.672 GC heap before
{Heap before GC invocations=6086 (full 135):
 PSYoungGen      total 3584K, used 3554K [0x00000000eab00000, 0x00000000eb200000, 0x0000000100000000)
  eden space 2048K, 100% used [0x00000000eab00000,0x00000000ead00000,0x00000000ead00000)
  from space 1536K, 98% used [0x00000000eae00000,0x00000000eaf78a78,0x00000000eaf80000)
  to   space 2560K, 0% used [0x00000000eaf80000,0x00000000eaf80000,0x00000000eb200000)
 ParOldGen       total 178176K, used 122347K [0x00000000c0000000, 0x00000000cae00000, 0x00000000eab00000)
  object space 178176K, 68% used [0x00000000c0000000,0x00000000c777af88,0x00000000cae00000)
 Metaspace       used 113228K, committed 114688K, reserved 1179648K
  class space    used 11212K, committed 11840K, reserved 1048576K
}
Event: 27377.707 GC heap after
{Heap after GC invocations=6086 (full 135):
 PSYoungGen      total 3072K, used 2530K [0x00000000eab00000, 0x00000000eb580000, 0x0000000100000000)
  eden space 512K, 0% used [0x00000000eab00000,0x00000000eab00000,0x00000000eab80000)
  from space 2560K, 98% used [0x00000000eaf80000,0x00000000eb1f8a78,0x00000000eb200000)
  to   space 4096K, 0% used [0x00000000eab80000,0x00000000eab80000,0x00000000eaf80000)
 ParOldGen       total 178176K, used 123331K [0x00000000c0000000, 0x00000000cae00000, 0x00000000eab00000)
  object space 178176K, 69% used [0x00000000c0000000,0x00000000c7870f88,0x00000000cae00000)
 Metaspace       used 113228K, committed 114688K, reserved 1179648K
  class space    used 11212K, committed 11840K, reserved 1048576K
}
Event: 27377.943 GC heap before
{Heap before GC invocations=6087 (full 135):
 PSYoungGen      total 3072K, used 3042K [0x00000000eab00000, 0x00000000eb580000, 0x0000000100000000)
  eden space 512K, 100% used [0x00000000eab00000,0x00000000eab80000,0x00000000eab80000)
  from space 2560K, 98% used [0x00000000eaf80000,0x00000000eb1f8a78,0x00000000eb200000)
  to   space 4096K, 0% used [0x00000000eab80000,0x00000000eab80000,0x00000000eaf80000)
 ParOldGen       total 178176K, used 123331K [0x00000000c0000000, 0x00000000cae00000, 0x00000000eab00000)
  object space 178176K, 69% used [0x00000000c0000000,0x00000000c7870f88,0x00000000cae00000)
 Metaspace       used 113228K, committed 114688K, reserved 1179648K
  class space    used 11212K, committed 11840K, reserved 1048576K
}
Event: 27377.955 GC heap after
{Heap after GC invocations=6087 (full 135):
 PSYoungGen      total 3584K, used 2696K [0x00000000eab00000, 0x00000000eb200000, 0x0000000100000000)
  eden space 512K, 0% used [0x00000000eab00000,0x00000000eab00000,0x00000000eab80000)
  from space 3072K, 87% used [0x00000000eab80000,0x00000000eae22178,0x00000000eae80000)
  to   space 3072K, 0% used [0x00000000eaf00000,0x00000000eaf00000,0x00000000eb200000)
 ParOldGen       total 178176K, used 123400K [0x00000000c0000000, 0x00000000cae00000, 0x00000000eab00000)
  object space 178176K, 69% used [0x00000000c0000000,0x00000000c7882188,0x00000000cae00000)
 Metaspace       used 113228K, committed 114688K, reserved 1179648K
  class space    used 11212K, committed 11840K, reserved 1048576K
}
Event: 27378.418 GC heap before
{Heap before GC invocations=6088 (full 135):
 PSYoungGen      total 3584K, used 3208K [0x00000000eab00000, 0x00000000eb200000, 0x0000000100000000)
  eden space 512K, 100% used [0x00000000eab00000,0x00000000eab80000,0x00000000eab80000)
  from space 3072K, 87% used [0x00000000eab80000,0x00000000eae22178,0x00000000eae80000)
  to   space 3072K, 0% used [0x00000000eaf00000,0x00000000eaf00000,0x00000000eb200000)
 ParOldGen       total 178176K, used 123400K [0x00000000c0000000, 0x00000000cae00000, 0x00000000eab00000)
  object space 178176K, 69% used [0x00000000c0000000,0x00000000c7882188,0x00000000cae00000)
 Metaspace       used 113228K, committed 114688K, reserved 1179648K
  class space    used 11212K, committed 11840K, reserved 1048576K
}
Event: 27378.450 GC heap after
{Heap after GC invocations=6088 (full 135):
 PSYoungGen      total 3072K, used 2472K [0x00000000eab00000, 0x00000000eb180000, 0x0000000100000000)
  eden space 512K, 0% used [0x00000000eab00000,0x00000000eab00000,0x00000000eab80000)
  from space 2560K, 96% used [0x00000000eaf00000,0x00000000eb16a178,0x00000000eb180000)
  to   space 3072K, 0% used [0x00000000eab80000,0x00000000eab80000,0x00000000eae80000)
 ParOldGen       total 178176K, used 123536K [0x00000000c0000000, 0x00000000cae00000, 0x00000000eab00000)
  object space 178176K, 69% used [0x00000000c0000000,0x00000000c78a4188,0x00000000cae00000)
 Metaspace       used 113228K, committed 114688K, reserved 1179648K
  class space    used 11212K, committed 11840K, reserved 1048576K
}
Event: 27379.296 GC heap before
{Heap before GC invocations=6089 (full 135):
 PSYoungGen      total 3072K, used 2984K [0x00000000eab00000, 0x00000000eb180000, 0x0000000100000000)
  eden space 512K, 99% used [0x00000000eab00000,0x00000000eab7ffd0,0x00000000eab80000)
  from space 2560K, 96% used [0x00000000eaf00000,0x00000000eb16a178,0x00000000eb180000)
  to   space 3072K, 0% used [0x00000000eab80000,0x00000000eab80000,0x00000000eae80000)
 ParOldGen       total 178176K, used 123536K [0x00000000c0000000, 0x00000000cae00000, 0x00000000eab00000)
  object space 178176K, 69% used [0x00000000c0000000,0x00000000c78a4188,0x00000000cae00000)
 Metaspace       used 113228K, committed 114688K, reserved 1179648K
  class space    used 11212K, committed 11840K, reserved 1048576K
}
Event: 27379.299 GC heap after
{Heap after GC invocations=6089 (full 135):
 PSYoungGen      total 3072K, used 2280K [0x00000000eab00000, 0x00000000eb080000, 0x0000000100000000)
  eden space 512K, 0% used [0x00000000eab00000,0x00000000eab00000,0x00000000eab80000)
  from space 2560K, 89% used [0x00000000eab80000,0x00000000eadba178,0x00000000eae00000)
  to   space 2560K, 0% used [0x00000000eae00000,0x00000000eae00000,0x00000000eb080000)
 ParOldGen       total 178176K, used 123744K [0x00000000c0000000, 0x00000000cae00000, 0x00000000eab00000)
  object space 178176K, 69% used [0x00000000c0000000,0x00000000c78d8188,0x00000000cae00000)
 Metaspace       used 113228K, committed 114688K, reserved 1179648K
  class space    used 11212K, committed 11840K, reserved 1048576K
}
Event: 27379.640 GC heap before
{Heap before GC invocations=6090 (full 135):
 PSYoungGen      total 3072K, used 2792K [0x00000000eab00000, 0x00000000eb080000, 0x0000000100000000)
  eden space 512K, 99% used [0x00000000eab00000,0x00000000eab7fff0,0x00000000eab80000)
  from space 2560K, 89% used [0x00000000eab80000,0x00000000eadba178,0x00000000eae00000)
  to   space 2560K, 0% used [0x00000000eae00000,0x00000000eae00000,0x00000000eb080000)
 ParOldGen       total 178176K, used 123744K [0x00000000c0000000, 0x00000000cae00000, 0x00000000eab00000)
  object space 178176K, 69% used [0x00000000c0000000,0x00000000c78d8188,0x00000000cae00000)
 Metaspace       used 113228K, committed 114688K, reserved 1179648K
  class space    used 11212K, committed 11840K, reserved 1048576K
}
Event: 27379.642 GC heap after
{Heap after GC invocations=6090 (full 135):
 PSYoungGen      total 3072K, used 2152K [0x00000000eab00000, 0x00000000eb080000, 0x0000000100000000)
  eden space 512K, 0% used [0x00000000eab00000,0x00000000eab00000,0x00000000eab80000)
  from space 2560K, 84% used [0x00000000eae00000,0x00000000eb01a178,0x00000000eb080000)
  to   space 2560K, 0% used [0x00000000eab80000,0x00000000eab80000,0x00000000eae00000)
 ParOldGen       total 178176K, used 123872K [0x00000000c0000000, 0x00000000cae00000, 0x00000000eab00000)
  object space 178176K, 69% used [0x00000000c0000000,0x00000000c78f8188,0x00000000cae00000)
 Metaspace       used 113228K, committed 114688K, reserved 1179648K
  class space    used 11212K, committed 11840K, reserved 1048576K
}

