# JRE version: OpenJDK Runtime Environment Temurin-17.0.13+11 (17.0.13+11) (build 17.0.13+11)
# Java VM: OpenJDK 64-Bit Server VM Temurin-17.0.13+11 (17.0.13+11, mixed mode, tiered, compressed oops, compressed class ptrs, parallel gc, windows-amd64)
GC Precious Log:
 CPUs: 2 total, 2 available
 Memory: 8084M
 Large Page Support: Disabled
 NUMA Support: Disabled
 Compressed Oops: Enabled (32-bit)
 Alignments: Space 512K, Generation 512K, Heap 2M
 Heap Min Capacity: 100M
 Heap Initial Capacity: 100M
 Heap Max Capacity: 1G
 Pre-touch: Disabled
 Parallel Workers: 2
Heap:
 PSYoungGen      total 11776K, used 5102K [0x00000000eab00000, 0x00000000eb900000, 0x0000000100000000)
  eden space 9216K, 32% used [0x00000000eab00000,0x00000000eade3b80,0x00000000eb400000)
  from space 2560K, 83% used [0x00000000eb680000,0x00000000eb897fa8,0x00000000eb900000)
  to   space 2560K, 0% used [0x00000000eb400000,0x00000000eb400000,0x00000000eb680000)
 ParOldGen       total 117248K, used 91222K [0x00000000c0000000, 0x00000000c7280000, 0x00000000eab00000)
  object space 117248K, 77% used [0x00000000c0000000,0x00000000c59159b8,0x00000000c7280000)
 Metaspace       used 71044K, committed 72320K, reserved 1114112K
  class space    used 7443K, committed 8000K, reserved 1048576K
GC Heap History (20 events):
Event: 79.715 GC heap before
{Heap before GC invocations=217 (full 6):
 PSYoungGen      total 13824K, used 13513K [0x00000000eab00000, 0x00000000ebb00000, 0x0000000100000000)
  eden space 11264K, 99% used [0x00000000eab00000,0x00000000eb5fad20,0x00000000eb600000)
  from space 2560K, 88% used [0x00000000eb600000,0x00000000eb837750,0x00000000eb880000)
  to   space 2560K, 0% used [0x00000000eb880000,0x00000000eb880000,0x00000000ebb00000)
 ParOldGen       total 99840K, used 78305K [0x00000000c0000000, 0x00000000c6180000, 0x00000000eab00000)
  object space 99840K, 78% used [0x00000000c0000000,0x00000000c4c78628,0x00000000c6180000)
 Metaspace       used 71012K, committed 72320K, reserved 1114112K
  class space    used 7443K, committed 8000K, reserved 1048576K
}
Event: 79.719 GC heap after
{Heap after GC invocations=217 (full 6):
 PSYoungGen      total 13824K, used 2308K [0x00000000eab00000, 0x00000000ebb00000, 0x0000000100000000)
  eden space 11264K, 0% used [0x00000000eab00000,0x00000000eab00000,0x00000000eb600000)
  from space 2560K, 90% used [0x00000000eb880000,0x00000000ebac10d0,0x00000000ebb00000)
  to   space 2560K, 0% used [0x00000000eb600000,0x00000000eb600000,0x00000000eb880000)
 ParOldGen       total 99840K, used 80475K [0x00000000c0000000, 0x00000000c6180000, 0x00000000eab00000)
  object space 99840K, 80% used [0x00000000c0000000,0x00000000c4e96eb8,0x00000000c6180000)
 Metaspace       used 71012K, committed 72320K, reserved 1114112K
  class space    used 7443K, committed 8000K, reserved 1048576K
}
Event: 79.937 GC heap before
{Heap before GC invocations=218 (full 6):
 PSYoungGen      total 13824K, used 13572K [0x00000000eab00000, 0x00000000ebb00000, 0x0000000100000000)
  eden space 11264K, 100% used [0x00000000eab00000,0x00000000eb600000,0x00000000eb600000)
  from space 2560K, 90% used [0x00000000eb880000,0x00000000ebac10d0,0x00000000ebb00000)
  to   space 2560K, 0% used [0x00000000eb600000,0x00000000eb600000,0x00000000eb880000)
 ParOldGen       total 99840K, used 80475K [0x00000000c0000000, 0x00000000c6180000, 0x00000000eab00000)
  object space 99840K, 80% used [0x00000000c0000000,0x00000000c4e96eb8,0x00000000c6180000)
 Metaspace       used 71012K, committed 72320K, reserved 1114112K
  class space    used 7443K, committed 8000K, reserved 1048576K
}
Event: 79.945 GC heap after
{Heap after GC invocations=218 (full 6):
 PSYoungGen      total 13824K, used 2542K [0x00000000eab00000, 0x00000000ec100000, 0x0000000100000000)
  eden space 11264K, 0% used [0x00000000eab00000,0x00000000eab00000,0x00000000eb600000)
  from space 2560K, 99% used [0x00000000eb600000,0x00000000eb87b800,0x00000000eb880000)
  to   space 5632K, 0% used [0x00000000ebb80000,0x00000000ebb80000,0x00000000ec100000)
 ParOldGen       total 99840K, used 82829K [0x00000000c0000000, 0x00000000c6180000, 0x00000000eab00000)
  object space 99840K, 82% used [0x00000000c0000000,0x00000000c50e3548,0x00000000c6180000)
 Metaspace       used 71012K, committed 72320K, reserved 1114112K
  class space    used 7443K, committed 8000K, reserved 1048576K
}
Event: 80.164 GC heap before
{Heap before GC invocations=219 (full 6):
 PSYoungGen      total 13824K, used 13806K [0x00000000eab00000, 0x00000000ec100000, 0x0000000100000000)
  eden space 11264K, 100% used [0x00000000eab00000,0x00000000eb600000,0x00000000eb600000)
  from space 2560K, 99% used [0x00000000eb600000,0x00000000eb87b800,0x00000000eb880000)
  to   space 5632K, 0% used [0x00000000ebb80000,0x00000000ebb80000,0x00000000ec100000)
 ParOldGen       total 99840K, used 82829K [0x00000000c0000000, 0x00000000c6180000, 0x00000000eab00000)
  object space 99840K, 82% used [0x00000000c0000000,0x00000000c50e3548,0x00000000c6180000)
 Metaspace       used 71015K, committed 72320K, reserved 1114112K
  class space    used 7443K, committed 8000K, reserved 1048576K
}
Event: 80.168 GC heap after
{Heap after GC invocations=219 (full 6):
 PSYoungGen      total 14848K, used 3331K [0x00000000eab00000, 0x00000000ebf00000, 0x0000000100000000)
  eden space 11264K, 0% used [0x00000000eab00000,0x00000000eab00000,0x00000000eb600000)
  from space 3584K, 92% used [0x00000000ebb80000,0x00000000ebec0f90,0x00000000ebf00000)
  to   space 4096K, 0% used [0x00000000eb700000,0x00000000eb700000,0x00000000ebb00000)
 ParOldGen       total 99840K, used 85245K [0x00000000c0000000, 0x00000000c6180000, 0x00000000eab00000)
  object space 99840K, 85% used [0x00000000c0000000,0x00000000c533f458,0x00000000c6180000)
 Metaspace       used 71015K, committed 72320K, reserved 1114112K
  class space    used 7443K, committed 8000K, reserved 1048576K
}
Event: 80.418 GC heap before
{Heap before GC invocations=220 (full 6):
 PSYoungGen      total 14848K, used 14595K [0x00000000eab00000, 0x00000000ebf00000, 0x0000000100000000)
  eden space 11264K, 100% used [0x00000000eab00000,0x00000000eb600000,0x00000000eb600000)
  from space 3584K, 92% used [0x00000000ebb80000,0x00000000ebec0f90,0x00000000ebf00000)
  to   space 4096K, 0% used [0x00000000eb700000,0x00000000eb700000,0x00000000ebb00000)
 ParOldGen       total 99840K, used 85245K [0x00000000c0000000, 0x00000000c6180000, 0x00000000eab00000)
  object space 99840K, 85% used [0x00000000c0000000,0x00000000c533f458,0x00000000c6180000)
 Metaspace       used 71015K, committed 72320K, reserved 1114112K
  class space    used 7443K, committed 8000K, reserved 1048576K
}
Event: 80.423 GC heap after
{Heap after GC invocations=220 (full 6):
 PSYoungGen      total 13824K, used 2445K [0x00000000eab00000, 0x00000000ebc00000, 0x0000000100000000)
  eden space 11264K, 0% used [0x00000000eab00000,0x00000000eab00000,0x00000000eb600000)
  from space 2560K, 95% used [0x00000000eb700000,0x00000000eb9634d0,0x00000000eb980000)
  to   space 2560K, 0% used [0x00000000eb980000,0x00000000eb980000,0x00000000ebc00000)
 ParOldGen       total 99840K, used 88482K [0x00000000c0000000, 0x00000000c6180000, 0x00000000eab00000)
  object space 99840K, 88% used [0x00000000c0000000,0x00000000c5668988,0x00000000c6180000)
 Metaspace       used 71015K, committed 72320K, reserved 1114112K
  class space    used 7443K, committed 8000K, reserved 1048576K
}
Event: 80.547 GC heap before
{Heap before GC invocations=221 (full 6):
 PSYoungGen      total 13824K, used 13700K [0x00000000eab00000, 0x00000000ebc00000, 0x0000000100000000)
  eden space 11264K, 99% used [0x00000000eab00000,0x00000000eb5fdb88,0x00000000eb600000)
  from space 2560K, 95% used [0x00000000eb700000,0x00000000eb9634d0,0x00000000eb980000)
  to   space 2560K, 0% used [0x00000000eb980000,0x00000000eb980000,0x00000000ebc00000)
 ParOldGen       total 99840K, used 88482K [0x00000000c0000000, 0x00000000c6180000, 0x00000000eab00000)
  object space 99840K, 88% used [0x00000000c0000000,0x00000000c5668988,0x00000000c6180000)
 Metaspace       used 71015K, committed 72320K, reserved 1114112K
  class space    used 7443K, committed 8000K, reserved 1048576K
}
Event: 80.551 GC heap after
{Heap after GC invocations=221 (full 6):
 PSYoungGen      total 11776K, used 2535K [0x00000000eab00000, 0x00000000ec100000, 0x0000000100000000)
  eden space 9216K, 0% used [0x00000000eab00000,0x00000000eab00000,0x00000000eb400000)
  from space 2560K, 99% used [0x00000000eb980000,0x00000000ebbf9eb8,0x00000000ebc00000)
  to   space 5632K, 0% used [0x00000000eb400000,0x00000000eb400000,0x00000000eb980000)
 ParOldGen       total 99840K, used 90883K [0x00000000c0000000, 0x00000000c6180000, 0x00000000eab00000)
  object space 99840K, 91% used [0x00000000c0000000,0x00000000c58c0d60,0x00000000c6180000)
 Metaspace       used 71015K, committed 72320K, reserved 1114112K
  class space    used 7443K, committed 8000K, reserved 1048576K
}
Event: 80.642 GC heap before
{Heap before GC invocations=222 (full 6):
 PSYoungGen      total 11776K, used 11751K [0x00000000eab00000, 0x00000000ec100000, 0x0000000100000000)
  eden space 9216K, 100% used [0x00000000eab00000,0x00000000eb400000,0x00000000eb400000)
  from space 2560K, 99% used [0x00000000eb980000,0x00000000ebbf9eb8,0x00000000ebc00000)
  to   space 5632K, 0% used [0x00000000eb400000,0x00000000eb400000,0x00000000eb980000)
 ParOldGen       total 99840K, used 90883K [0x00000000c0000000, 0x00000000c6180000, 0x00000000eab00000)
  object space 99840K, 91% used [0x00000000c0000000,0x00000000c58c0d60,0x00000000c6180000)
 Metaspace       used 71015K, committed 72320K, reserved 1114112K
  class space    used 7443K, committed 8000K, reserved 1048576K
}
Event: 80.646 GC heap after
{Heap after GC invocations=222 (full 6):
 PSYoungGen      total 11776K, used 2205K [0x00000000eab00000, 0x00000000ebb00000, 0x0000000100000000)
  eden space 9216K, 0% used [0x00000000eab00000,0x00000000eab00000,0x00000000eb400000)
  from space 2560K, 86% used [0x00000000eb400000,0x00000000eb6277b8,0x00000000eb680000)
  to   space 3584K, 0% used [0x00000000eb780000,0x00000000eb780000,0x00000000ebb00000)
 ParOldGen       total 99840K, used 93353K [0x00000000c0000000, 0x00000000c6180000, 0x00000000eab00000)
  object space 99840K, 93% used [0x00000000c0000000,0x00000000c5b2a4e0,0x00000000c6180000)
 Metaspace       used 71015K, committed 72320K, reserved 1114112K
  class space    used 7443K, committed 8000K, reserved 1048576K
}
Event: 80.798 GC heap before
{Heap before GC invocations=223 (full 6):
 PSYoungGen      total 11776K, used 11421K [0x00000000eab00000, 0x00000000ebb00000, 0x0000000100000000)
  eden space 9216K, 100% used [0x00000000eab00000,0x00000000eb400000,0x00000000eb400000)
  from space 2560K, 86% used [0x00000000eb400000,0x00000000eb6277b8,0x00000000eb680000)
  to   space 3584K, 0% used [0x00000000eb780000,0x00000000eb780000,0x00000000ebb00000)
 ParOldGen       total 99840K, used 93353K [0x00000000c0000000, 0x00000000c6180000, 0x00000000eab00000)
  object space 99840K, 93% used [0x00000000c0000000,0x00000000c5b2a4e0,0x00000000c6180000)
 Metaspace       used 71019K, committed 72320K, reserved 1114112K
  class space    used 7443K, committed 8000K, reserved 1048576K
}
Event: 80.804 GC heap after
{Heap after GC invocations=223 (full 6):
 PSYoungGen      total 11776K, used 2290K [0x00000000eab00000, 0x00000000eba00000, 0x0000000100000000)
  eden space 9216K, 0% used [0x00000000eab00000,0x00000000eab00000,0x00000000eb400000)
  from space 2560K, 89% used [0x00000000eb780000,0x00000000eb9bcae8,0x00000000eba00000)
  to   space 2560K, 0% used [0x00000000eb400000,0x00000000eb400000,0x00000000eb680000)
 ParOldGen       total 99840K, used 95451K [0x00000000c0000000, 0x00000000c6180000, 0x00000000eab00000)
  object space 99840K, 95% used [0x00000000c0000000,0x00000000c5d36cd0,0x00000000c6180000)
 Metaspace       used 71019K, committed 72320K, reserved 1114112K
  class space    used 7443K, committed 8000K, reserved 1048576K
}
Event: 80.986 GC heap before
{Heap before GC invocations=224 (full 6):
 PSYoungGen      total 11776K, used 11506K [0x00000000eab00000, 0x00000000eba00000, 0x0000000100000000)
  eden space 9216K, 100% used [0x00000000eab00000,0x00000000eb400000,0x00000000eb400000)
  from space 2560K, 89% used [0x00000000eb780000,0x00000000eb9bcae8,0x00000000eba00000)
  to   space 2560K, 0% used [0x00000000eb400000,0x00000000eb400000,0x00000000eb680000)
 ParOldGen       total 99840K, used 95451K [0x00000000c0000000, 0x00000000c6180000, 0x00000000eab00000)
  object space 99840K, 95% used [0x00000000c0000000,0x00000000c5d36cd0,0x00000000c6180000)
 Metaspace       used 71019K, committed 72320K, reserved 1114112K
  class space    used 7443K, committed 8000K, reserved 1048576K
}
Event: 80.989 GC heap after
{Heap after GC invocations=224 (full 6):
 PSYoungGen      total 11776K, used 2199K [0x00000000eab00000, 0x00000000eb900000, 0x0000000100000000)
  eden space 9216K, 0% used [0x00000000eab00000,0x00000000eab00000,0x00000000eb400000)
  from space 2560K, 85% used [0x00000000eb400000,0x00000000eb625cf0,0x00000000eb680000)
  to   space 2560K, 0% used [0x00000000eb680000,0x00000000eb680000,0x00000000eb900000)
 ParOldGen       total 99840K, used 97612K [0x00000000c0000000, 0x00000000c6180000, 0x00000000eab00000)
  object space 99840K, 97% used [0x00000000c0000000,0x00000000c5f53248,0x00000000c6180000)
 Metaspace       used 71019K, committed 72320K, reserved 1114112K
  class space    used 7443K, committed 8000K, reserved 1048576K
}
Event: 81.139 GC heap before
{Heap before GC invocations=225 (full 6):
 PSYoungGen      total 11776K, used 11415K [0x00000000eab00000, 0x00000000eb900000, 0x0000000100000000)
  eden space 9216K, 100% used [0x00000000eab00000,0x00000000eb400000,0x00000000eb400000)
  from space 2560K, 85% used [0x00000000eb400000,0x00000000eb625cf0,0x00000000eb680000)
  to   space 2560K, 0% used [0x00000000eb680000,0x00000000eb680000,0x00000000eb900000)
 ParOldGen       total 99840K, used 97612K [0x00000000c0000000, 0x00000000c6180000, 0x00000000eab00000)
  object space 99840K, 97% used [0x00000000c0000000,0x00000000c5f53248,0x00000000c6180000)
 Metaspace       used 71019K, committed 72320K, reserved 1114112K
  class space    used 7443K, committed 8000K, reserved 1048576K
}
Event: 81.143 GC heap after
{Heap after GC invocations=225 (full 6):
 PSYoungGen      total 11776K, used 2109K [0x00000000eab00000, 0x00000000eb900000, 0x0000000100000000)
  eden space 9216K, 0% used [0x00000000eab00000,0x00000000eab00000,0x00000000eb400000)
  from space 2560K, 82% used [0x00000000eb680000,0x00000000eb88f4a8,0x00000000eb900000)
  to   space 2560K, 0% used [0x00000000eb400000,0x00000000eb400000,0x00000000eb680000)
 ParOldGen       total 99840K, used 99717K [0x00000000c0000000, 0x00000000c6180000, 0x00000000eab00000)
  object space 99840K, 99% used [0x00000000c0000000,0x00000000c61616f8,0x00000000c6180000)
 Metaspace       used 71019K, committed 72320K, reserved 1114112K
  class space    used 7443K, committed 8000K, reserved 1048576K
}
Event: 81.300 GC heap before
{Heap before GC invocations=226 (full 7):
 PSYoungGen      total 11776K, used 11325K [0x00000000eab00000, 0x00000000eb900000, 0x0000000100000000)
  eden space 9216K, 100% used [0x00000000eab00000,0x00000000eb400000,0x00000000eb400000)
  from space 2560K, 82% used [0x00000000eb680000,0x00000000eb88f4a8,0x00000000eb900000)
  to   space 2560K, 0% used [0x00000000eb400000,0x00000000eb400000,0x00000000eb680000)
 ParOldGen       total 99840K, used 99717K [0x00000000c0000000, 0x00000000c6180000, 0x00000000eab00000)
  object space 99840K, 99% used [0x00000000c0000000,0x00000000c61616f8,0x00000000c6180000)
 Metaspace       used 71020K, committed 72320K, reserved 1114112K
  class space    used 7443K, committed 8000K, reserved 1048576K
}
Event: 81.424 GC heap after
{Heap after GC invocations=226 (full 7):
 PSYoungGen      total 11776K, used 0K [0x00000000eab00000, 0x00000000eb900000, 0x0000000100000000)
  eden space 9216K, 0% used [0x00000000eab00000,0x00000000eab00000,0x00000000eb400000)
  from space 2560K, 0% used [0x00000000eb400000,0x00000000eb400000,0x00000000eb680000)
  to   space 2560K, 0% used [0x00000000eb680000,0x00000000eb680000,0x00000000eb900000)
 ParOldGen       total 117248K, used 91222K [0x00000000c0000000, 0x00000000c7280000, 0x00000000eab00000)
  object space 117248K, 77% used [0x00000000c0000000,0x00000000c59159b8,0x00000000c7280000)
 Metaspace       used 71020K, committed 72320K, reserved 1114112K
  class space    used 7443K, committed 8000K, reserved 1048576K
}

